18:06:00 INFO  : Launching XSCT server: xsct.bat -n  -interactive C:\Users\dianhsu\Desktop\axi-demo\demo1\vitis\temp_xsdb_launch_script.tcl
18:06:01 INFO  : Registering command handlers for Vitis TCF services
18:06:03 INFO  : XSCT server has started successfully.
18:06:03 INFO  : Platform repository initialization has completed.
18:06:03 INFO  : Successfully done setting XSCT server connection channel  
18:06:03 INFO  : plnx-install-location is set to ''
18:06:03 INFO  : Successfully done query RDI_DATADIR 
18:06:03 INFO  : Successfully done setting workspace for the tool. 
18:07:03 INFO  : Result from executing command 'getProjects': zed_hw
18:07:03 INFO  : Result from executing command 'getPlatforms': 
18:09:27 INFO  : Result from executing command 'getProjects': zed_hw
18:09:27 INFO  : Result from executing command 'getPlatforms': zed_hw|C:/Users/dianhsu/Desktop/axi-demo/demo1/vitis/zed_hw/export/zed_hw/zed_hw.xpfm
18:28:29 INFO  : Launching XSCT server: xsct.bat -n  -interactive C:\Users\dianhsu\Desktop\axi-demo\demo1\vitis\temp_xsdb_launch_script.tcl
18:28:31 INFO  : XSCT server has started successfully.
18:28:31 INFO  : Successfully done setting XSCT server connection channel  
18:28:31 INFO  : plnx-install-location is set to ''
18:28:31 INFO  : Successfully done setting workspace for the tool. 
18:28:33 INFO  : Platform repository initialization has completed.
18:28:33 INFO  : Successfully done query RDI_DATADIR 
18:28:33 INFO  : Registering command handlers for Vitis TCF services
18:28:57 INFO  : Hardware specification for platform project 'zed_hw' is updated.
18:29:11 INFO  : Result from executing command 'getProjects': zed_hw
18:29:11 INFO  : Result from executing command 'getPlatforms': zed_hw|C:/Users/dianhsu/Desktop/axi-demo/demo1/vitis/zed_hw/export/zed_hw/zed_hw.xpfm
18:29:48 INFO  : Checking for BSP changes to sync application flags for project 'test'...
18:34:43 INFO  : Checking for BSP changes to sync application flags for project 'test'...
18:35:29 INFO  : Checking for BSP changes to sync application flags for project 'test'...
18:35:50 INFO  : Checking for BSP changes to sync application flags for project 'test'...
18:36:58 INFO  : Result from executing command 'getProjects': zed_hw
18:36:58 INFO  : Result from executing command 'getPlatforms': zed_hw|C:/Users/dianhsu/Desktop/axi-demo/demo1/vitis/zed_hw/export/zed_hw/zed_hw.xpfm
18:36:58 INFO  : Checking for BSP changes to sync application flags for project 'test'...
16:48:40 INFO  : Launching XSCT server: xsct.bat -n  -interactive C:\Users\dianhsu\Desktop\axi-demo\demo1\vitis\temp_xsdb_launch_script.tcl
16:48:43 INFO  : XSCT server has started successfully.
16:48:43 INFO  : plnx-install-location is set to ''
16:48:43 INFO  : Successfully done setting XSCT server connection channel  
16:48:43 INFO  : Successfully done setting workspace for the tool. 
16:48:46 INFO  : Platform repository initialization has completed.
16:48:47 INFO  : Registering command handlers for Vitis TCF services
16:48:50 INFO  : Successfully done query RDI_DATADIR 
16:49:43 INFO  : Result from executing command 'getProjects': zed_hw;zed_platform
16:49:43 INFO  : Result from executing command 'getPlatforms': zed_hw|C:/Users/dianhsu/Desktop/axi-demo/demo1/vitis/zed_hw/export/zed_hw/zed_hw.xpfm
16:50:55 INFO  : Result from executing command 'getProjects': zed_hw;zed_platform
16:50:55 INFO  : Result from executing command 'getPlatforms': zed_hw|C:/Users/dianhsu/Desktop/axi-demo/demo1/vitis/zed_hw/export/zed_hw/zed_hw.xpfm;zed_platform|C:/Users/dianhsu/Desktop/axi-demo/demo1/vitis/zed_platform/export/zed_platform/zed_platform.xpfm
16:50:56 INFO  : The hardware specfication used by project 'test' is out of sync with the platform. Resource files extracted from the hardware specfiication will be updated.
16:50:58 INFO  : The file 'C:\Users\dianhsu\Desktop\axi-demo\demo1\vitis\test\_ide\bitstream\demo1_db_wrapper.bit' stored in project is removed.
16:50:58 INFO  : The updated bitstream files are copied from platform to folder 'C:\Users\dianhsu\Desktop\axi-demo\demo1\vitis\test\_ide\bitstream' in project 'test'.
16:50:58 INFO  : The file 'C:\Users\dianhsu\Desktop\axi-demo\demo1\vitis\test\_ide\psinit\ps7_init.tcl' stored in project is removed.
16:51:03 INFO  : The updated ps init files are copied from platform to folder 'C:\Users\dianhsu\Desktop\axi-demo\demo1\vitis\test\_ide\psinit' in project 'test'.
16:51:10 INFO  : Checking for BSP changes to sync application flags for project 'test'...
16:51:33 INFO  : Checking for BSP changes to sync application flags for project 'test'...
16:51:48 INFO  : Checking for BSP changes to sync application flags for project 'test'...
16:52:58 INFO  : Checking for BSP changes to sync application flags for project 'test'...
16:53:45 INFO  : Connected to target on host '127.0.0.1' and port '3121'.
16:53:46 INFO  : Jtag cable 'Digilent Zed 210248774077' is selected.
16:53:46 INFO  : 'jtag frequency' command is executed.
16:53:46 INFO  : Context for 'APU' is selected.
16:53:46 INFO  : System reset is completed.
16:53:49 INFO  : 'after 3000' command is executed.
16:53:49 INFO  : 'targets -set -filter {jtag_cable_name =~ "Digilent Zed 210248774077" && level==0 && jtag_device_ctx=="jsn-Zed-210248774077-23727093-0"}' command is executed.
16:53:52 INFO  : Device configured successfully with "C:/Users/dianhsu/Desktop/axi-demo/demo1/vitis/test/_ide/bitstream/demo1_db_wrapper.bit"
16:53:52 INFO  : Context for 'APU' is selected.
16:53:52 INFO  : Hardware design and registers information is loaded from 'C:/Users/dianhsu/Desktop/axi-demo/demo1/vitis/zed_platform/export/zed_platform/hw/demo1_db_wrapper.xsa'.
16:53:52 INFO  : 'configparams force-mem-access 1' command is executed.
16:53:52 INFO  : Context for 'APU' is selected.
16:53:52 INFO  : Sourcing of 'C:/Users/dianhsu/Desktop/axi-demo/demo1/vitis/test/_ide/psinit/ps7_init.tcl' is done.
16:53:52 INFO  : 'ps7_init' command is executed.
16:53:52 INFO  : 'ps7_post_config' command is executed.
16:53:52 INFO  : Context for processor 'ps7_cortexa9_0' is selected.
16:53:52 INFO  : The application 'C:/Users/dianhsu/Desktop/axi-demo/demo1/vitis/test/Debug/test.elf' is downloaded to processor 'ps7_cortexa9_0'.
16:53:52 INFO  : 'configparams force-mem-access 0' command is executed.
16:53:52 INFO  : ----------------XSDB Script----------------
connect -url tcp:127.0.0.1:3121
targets -set -nocase -filter {name =~"APU*"}
rst -system
after 3000
targets -set -filter {jtag_cable_name =~ "Digilent Zed 210248774077" && level==0 && jtag_device_ctx=="jsn-Zed-210248774077-23727093-0"}
fpga -file C:/Users/dianhsu/Desktop/axi-demo/demo1/vitis/test/_ide/bitstream/demo1_db_wrapper.bit
targets -set -nocase -filter {name =~"APU*"}
loadhw -hw C:/Users/dianhsu/Desktop/axi-demo/demo1/vitis/zed_platform/export/zed_platform/hw/demo1_db_wrapper.xsa -mem-ranges [list {0x40000000 0xbfffffff}] -regs
configparams force-mem-access 1
targets -set -nocase -filter {name =~"APU*"}
source C:/Users/dianhsu/Desktop/axi-demo/demo1/vitis/test/_ide/psinit/ps7_init.tcl
ps7_init
ps7_post_config
targets -set -nocase -filter {name =~ "*A9*#0"}
dow C:/Users/dianhsu/Desktop/axi-demo/demo1/vitis/test/Debug/test.elf
configparams force-mem-access 0
----------------End of Script----------------

16:53:52 INFO  : Context for processor 'ps7_cortexa9_0' is selected.
16:53:53 INFO  : 'con' command is executed.
16:53:53 INFO  : ----------------XSDB Script (After Launch)----------------
targets -set -nocase -filter {name =~ "*A9*#0"}
con
----------------End of Script----------------

16:53:53 INFO  : Launch script is exported to file 'C:\Users\dianhsu\Desktop\axi-demo\demo1\vitis\test_system\_ide\scripts\debugger_test-default.tcl'
17:02:00 INFO  : Checking for BSP changes to sync application flags for project 'test'...
17:03:46 INFO  : Checking for BSP changes to sync application flags for project 'test'...
17:06:25 INFO  : Checking for BSP changes to sync application flags for project 'test'...
17:07:29 INFO  : Checking for BSP changes to sync application flags for project 'test'...
17:07:38 INFO  : Checking for BSP changes to sync application flags for project 'test'...
17:07:51 INFO  : Disconnected from the channel tcfchan#3.
17:07:52 INFO  : Connected to target on host '127.0.0.1' and port '3121'.
17:07:52 INFO  : Jtag cable 'Digilent Zed 210248774077' is selected.
17:07:52 INFO  : 'jtag frequency' command is executed.
17:07:52 INFO  : Context for 'APU' is selected.
17:07:52 INFO  : System reset is completed.
17:07:55 INFO  : 'after 3000' command is executed.
17:07:55 INFO  : 'targets -set -filter {jtag_cable_name =~ "Digilent Zed 210248774077" && level==0 && jtag_device_ctx=="jsn-Zed-210248774077-23727093-0"}' command is executed.
17:07:57 INFO  : Device configured successfully with "C:/Users/dianhsu/Desktop/axi-demo/demo1/vitis/test/_ide/bitstream/demo1_db_wrapper.bit"
17:07:58 INFO  : Context for 'APU' is selected.
17:07:58 INFO  : Hardware design and registers information is loaded from 'C:/Users/dianhsu/Desktop/axi-demo/demo1/vitis/zed_platform/export/zed_platform/hw/demo1_db_wrapper.xsa'.
17:07:58 INFO  : 'configparams force-mem-access 1' command is executed.
17:07:58 INFO  : Context for 'APU' is selected.
17:07:58 INFO  : Sourcing of 'C:/Users/dianhsu/Desktop/axi-demo/demo1/vitis/test/_ide/psinit/ps7_init.tcl' is done.
17:07:58 INFO  : 'ps7_init' command is executed.
17:07:58 INFO  : 'ps7_post_config' command is executed.
17:07:58 INFO  : Context for processor 'ps7_cortexa9_0' is selected.
17:07:58 INFO  : The application 'C:/Users/dianhsu/Desktop/axi-demo/demo1/vitis/test/Debug/test.elf' is downloaded to processor 'ps7_cortexa9_0'.
17:07:58 INFO  : 'configparams force-mem-access 0' command is executed.
17:07:58 INFO  : ----------------XSDB Script----------------
connect -url tcp:127.0.0.1:3121
targets -set -nocase -filter {name =~"APU*"}
rst -system
after 3000
targets -set -filter {jtag_cable_name =~ "Digilent Zed 210248774077" && level==0 && jtag_device_ctx=="jsn-Zed-210248774077-23727093-0"}
fpga -file C:/Users/dianhsu/Desktop/axi-demo/demo1/vitis/test/_ide/bitstream/demo1_db_wrapper.bit
targets -set -nocase -filter {name =~"APU*"}
loadhw -hw C:/Users/dianhsu/Desktop/axi-demo/demo1/vitis/zed_platform/export/zed_platform/hw/demo1_db_wrapper.xsa -mem-ranges [list {0x40000000 0xbfffffff}] -regs
configparams force-mem-access 1
targets -set -nocase -filter {name =~"APU*"}
source C:/Users/dianhsu/Desktop/axi-demo/demo1/vitis/test/_ide/psinit/ps7_init.tcl
ps7_init
ps7_post_config
targets -set -nocase -filter {name =~ "*A9*#0"}
dow C:/Users/dianhsu/Desktop/axi-demo/demo1/vitis/test/Debug/test.elf
configparams force-mem-access 0
----------------End of Script----------------

17:07:58 INFO  : Context for processor 'ps7_cortexa9_0' is selected.
17:07:58 INFO  : 'con' command is executed.
17:07:58 INFO  : ----------------XSDB Script (After Launch)----------------
targets -set -nocase -filter {name =~ "*A9*#0"}
con
----------------End of Script----------------

17:07:58 INFO  : Launch script is exported to file 'C:\Users\dianhsu\Desktop\axi-demo\demo1\vitis\test_system\_ide\scripts\debugger_test-default.tcl'
17:50:55 INFO  : Checking for BSP changes to sync application flags for project 'test'...
17:51:22 INFO  : Checking for BSP changes to sync application flags for project 'test'...
17:51:32 INFO  : Disconnected from the channel tcfchan#4.
17:51:33 INFO  : Connected to target on host '127.0.0.1' and port '3121'.
17:51:33 INFO  : Jtag cable 'Digilent Zed 210248774077' is selected.
17:51:33 INFO  : 'jtag frequency' command is executed.
17:51:33 INFO  : Context for 'APU' is selected.
17:51:33 INFO  : System reset is completed.
17:51:36 INFO  : 'after 3000' command is executed.
17:51:36 INFO  : 'targets -set -filter {jtag_cable_name =~ "Digilent Zed 210248774077" && level==0 && jtag_device_ctx=="jsn-Zed-210248774077-23727093-0"}' command is executed.
17:51:39 INFO  : Device configured successfully with "C:/Users/dianhsu/Desktop/axi-demo/demo1/vitis/test/_ide/bitstream/demo1_db_wrapper.bit"
17:51:39 INFO  : Context for 'APU' is selected.
17:51:39 INFO  : Hardware design and registers information is loaded from 'C:/Users/dianhsu/Desktop/axi-demo/demo1/vitis/zed_platform/export/zed_platform/hw/demo1_db_wrapper.xsa'.
17:51:39 INFO  : 'configparams force-mem-access 1' command is executed.
17:51:39 INFO  : Context for 'APU' is selected.
17:51:39 INFO  : Sourcing of 'C:/Users/dianhsu/Desktop/axi-demo/demo1/vitis/test/_ide/psinit/ps7_init.tcl' is done.
17:51:39 INFO  : 'ps7_init' command is executed.
17:51:39 INFO  : 'ps7_post_config' command is executed.
17:51:39 INFO  : Context for processor 'ps7_cortexa9_0' is selected.
17:51:39 INFO  : The application 'C:/Users/dianhsu/Desktop/axi-demo/demo1/vitis/test/Debug/test.elf' is downloaded to processor 'ps7_cortexa9_0'.
17:51:39 INFO  : 'configparams force-mem-access 0' command is executed.
17:51:39 INFO  : ----------------XSDB Script----------------
connect -url tcp:127.0.0.1:3121
targets -set -nocase -filter {name =~"APU*"}
rst -system
after 3000
targets -set -filter {jtag_cable_name =~ "Digilent Zed 210248774077" && level==0 && jtag_device_ctx=="jsn-Zed-210248774077-23727093-0"}
fpga -file C:/Users/dianhsu/Desktop/axi-demo/demo1/vitis/test/_ide/bitstream/demo1_db_wrapper.bit
targets -set -nocase -filter {name =~"APU*"}
loadhw -hw C:/Users/dianhsu/Desktop/axi-demo/demo1/vitis/zed_platform/export/zed_platform/hw/demo1_db_wrapper.xsa -mem-ranges [list {0x40000000 0xbfffffff}] -regs
configparams force-mem-access 1
targets -set -nocase -filter {name =~"APU*"}
source C:/Users/dianhsu/Desktop/axi-demo/demo1/vitis/test/_ide/psinit/ps7_init.tcl
ps7_init
ps7_post_config
targets -set -nocase -filter {name =~ "*A9*#0"}
dow C:/Users/dianhsu/Desktop/axi-demo/demo1/vitis/test/Debug/test.elf
configparams force-mem-access 0
----------------End of Script----------------

17:51:39 INFO  : Context for processor 'ps7_cortexa9_0' is selected.
17:51:40 INFO  : 'con' command is executed.
17:51:40 INFO  : ----------------XSDB Script (After Launch)----------------
targets -set -nocase -filter {name =~ "*A9*#0"}
con
----------------End of Script----------------

17:51:40 INFO  : Launch script is exported to file 'C:\Users\dianhsu\Desktop\axi-demo\demo1\vitis\test_system\_ide\scripts\debugger_test-default.tcl'
17:52:14 INFO  : Checking for BSP changes to sync application flags for project 'test'...
17:52:39 INFO  : Disconnected from the channel tcfchan#5.
17:52:40 INFO  : Connected to target on host '127.0.0.1' and port '3121'.
17:52:40 INFO  : Jtag cable 'Digilent Zed 210248774077' is selected.
17:52:40 INFO  : 'jtag frequency' command is executed.
17:52:40 INFO  : Context for 'APU' is selected.
17:52:41 INFO  : System reset is completed.
17:52:44 INFO  : 'after 3000' command is executed.
17:52:44 INFO  : 'targets -set -filter {jtag_cable_name =~ "Digilent Zed 210248774077" && level==0 && jtag_device_ctx=="jsn-Zed-210248774077-23727093-0"}' command is executed.
17:52:46 INFO  : Device configured successfully with "C:/Users/dianhsu/Desktop/axi-demo/demo1/vitis/test/_ide/bitstream/demo1_db_wrapper.bit"
17:52:46 INFO  : Context for 'APU' is selected.
17:52:46 INFO  : Hardware design and registers information is loaded from 'C:/Users/dianhsu/Desktop/axi-demo/demo1/vitis/zed_platform/export/zed_platform/hw/demo1_db_wrapper.xsa'.
17:52:46 INFO  : 'configparams force-mem-access 1' command is executed.
17:52:46 INFO  : Context for 'APU' is selected.
17:52:46 INFO  : Sourcing of 'C:/Users/dianhsu/Desktop/axi-demo/demo1/vitis/test/_ide/psinit/ps7_init.tcl' is done.
17:52:46 INFO  : 'ps7_init' command is executed.
17:52:46 INFO  : 'ps7_post_config' command is executed.
17:52:46 INFO  : Context for processor 'ps7_cortexa9_0' is selected.
17:52:47 INFO  : The application 'C:/Users/dianhsu/Desktop/axi-demo/demo1/vitis/test/Debug/test.elf' is downloaded to processor 'ps7_cortexa9_0'.
17:52:47 INFO  : 'configparams force-mem-access 0' command is executed.
17:52:47 INFO  : ----------------XSDB Script----------------
connect -url tcp:127.0.0.1:3121
targets -set -nocase -filter {name =~"APU*"}
rst -system
after 3000
targets -set -filter {jtag_cable_name =~ "Digilent Zed 210248774077" && level==0 && jtag_device_ctx=="jsn-Zed-210248774077-23727093-0"}
fpga -file C:/Users/dianhsu/Desktop/axi-demo/demo1/vitis/test/_ide/bitstream/demo1_db_wrapper.bit
targets -set -nocase -filter {name =~"APU*"}
loadhw -hw C:/Users/dianhsu/Desktop/axi-demo/demo1/vitis/zed_platform/export/zed_platform/hw/demo1_db_wrapper.xsa -mem-ranges [list {0x40000000 0xbfffffff}] -regs
configparams force-mem-access 1
targets -set -nocase -filter {name =~"APU*"}
source C:/Users/dianhsu/Desktop/axi-demo/demo1/vitis/test/_ide/psinit/ps7_init.tcl
ps7_init
ps7_post_config
targets -set -nocase -filter {name =~ "*A9*#0"}
dow C:/Users/dianhsu/Desktop/axi-demo/demo1/vitis/test/Debug/test.elf
configparams force-mem-access 0
----------------End of Script----------------

17:52:47 INFO  : Context for processor 'ps7_cortexa9_0' is selected.
17:52:47 INFO  : 'con' command is executed.
17:52:47 INFO  : ----------------XSDB Script (After Launch)----------------
targets -set -nocase -filter {name =~ "*A9*#0"}
con
----------------End of Script----------------

17:52:47 INFO  : Launch script is exported to file 'C:\Users\dianhsu\Desktop\axi-demo\demo1\vitis\test_system\_ide\scripts\debugger_test-default.tcl'
17:54:22 INFO  : Checking for BSP changes to sync application flags for project 'test'...
17:54:29 INFO  : Disconnected from the channel tcfchan#6.
17:54:30 INFO  : Connected to target on host '127.0.0.1' and port '3121'.
17:54:30 INFO  : Jtag cable 'Digilent Zed 210248774077' is selected.
17:54:31 INFO  : 'jtag frequency' command is executed.
17:54:31 INFO  : Context for 'APU' is selected.
17:54:31 INFO  : System reset is completed.
17:54:34 INFO  : 'after 3000' command is executed.
17:54:34 INFO  : 'targets -set -filter {jtag_cable_name =~ "Digilent Zed 210248774077" && level==0 && jtag_device_ctx=="jsn-Zed-210248774077-23727093-0"}' command is executed.
17:54:36 INFO  : Device configured successfully with "C:/Users/dianhsu/Desktop/axi-demo/demo1/vitis/test/_ide/bitstream/demo1_db_wrapper.bit"
17:54:36 INFO  : Context for 'APU' is selected.
17:54:36 INFO  : Hardware design and registers information is loaded from 'C:/Users/dianhsu/Desktop/axi-demo/demo1/vitis/zed_platform/export/zed_platform/hw/demo1_db_wrapper.xsa'.
17:54:36 INFO  : 'configparams force-mem-access 1' command is executed.
17:54:36 INFO  : Context for 'APU' is selected.
17:54:36 INFO  : Sourcing of 'C:/Users/dianhsu/Desktop/axi-demo/demo1/vitis/test/_ide/psinit/ps7_init.tcl' is done.
17:54:36 INFO  : 'ps7_init' command is executed.
17:54:36 INFO  : 'ps7_post_config' command is executed.
17:54:36 INFO  : Context for processor 'ps7_cortexa9_0' is selected.
17:54:37 INFO  : The application 'C:/Users/dianhsu/Desktop/axi-demo/demo1/vitis/test/Debug/test.elf' is downloaded to processor 'ps7_cortexa9_0'.
17:54:37 INFO  : 'configparams force-mem-access 0' command is executed.
17:54:37 INFO  : ----------------XSDB Script----------------
connect -url tcp:127.0.0.1:3121
targets -set -nocase -filter {name =~"APU*"}
rst -system
after 3000
targets -set -filter {jtag_cable_name =~ "Digilent Zed 210248774077" && level==0 && jtag_device_ctx=="jsn-Zed-210248774077-23727093-0"}
fpga -file C:/Users/dianhsu/Desktop/axi-demo/demo1/vitis/test/_ide/bitstream/demo1_db_wrapper.bit
targets -set -nocase -filter {name =~"APU*"}
loadhw -hw C:/Users/dianhsu/Desktop/axi-demo/demo1/vitis/zed_platform/export/zed_platform/hw/demo1_db_wrapper.xsa -mem-ranges [list {0x40000000 0xbfffffff}] -regs
configparams force-mem-access 1
targets -set -nocase -filter {name =~"APU*"}
source C:/Users/dianhsu/Desktop/axi-demo/demo1/vitis/test/_ide/psinit/ps7_init.tcl
ps7_init
ps7_post_config
targets -set -nocase -filter {name =~ "*A9*#0"}
dow C:/Users/dianhsu/Desktop/axi-demo/demo1/vitis/test/Debug/test.elf
configparams force-mem-access 0
----------------End of Script----------------

17:54:37 INFO  : Context for processor 'ps7_cortexa9_0' is selected.
17:54:37 INFO  : 'con' command is executed.
17:54:37 INFO  : ----------------XSDB Script (After Launch)----------------
targets -set -nocase -filter {name =~ "*A9*#0"}
con
----------------End of Script----------------

17:54:37 INFO  : Launch script is exported to file 'C:\Users\dianhsu\Desktop\axi-demo\demo1\vitis\test_system\_ide\scripts\debugger_test-default.tcl'
17:55:40 INFO  : Result from executing command 'getProjects': zed_platform
17:55:40 INFO  : Result from executing command 'getPlatforms': zed_platform|C:/Users/dianhsu/Desktop/axi-demo/demo1/vitis/zed_platform/export/zed_platform/zed_platform.xpfm
17:57:52 INFO  : Result from executing command 'getProjects': zed_platform
17:57:52 INFO  : Result from executing command 'getPlatforms': zed_platform|C:/Users/dianhsu/Desktop/axi-demo/demo1/vitis/zed_platform/export/zed_platform/zed_platform.xpfm
17:59:41 INFO  : Disconnected from the channel tcfchan#7.
